{
  "stats": {
    "suites": 1,
    "tests": 2,
    "passes": 2,
    "pending": 0,
    "failures": 0,
    "start": "2023-11-05T21:06:37.037Z",
    "end": "2023-11-05T21:06:57.273Z",
    "duration": 20236,
    "testsRegistered": 2,
    "passPercent": 100,
    "pendingPercent": 0,
    "other": 0,
    "hasOther": false,
    "skipped": 0,
    "hasSkipped": false
  },
  "results": [
    {
      "uuid": "2f244263-36f2-41d7-8f33-2d22cbfcd798",
      "title": "",
      "fullFile": "cypress/e2e/sap/tests/contact-form.cy.ts",
      "file": "cypress/e2e/sap/tests/contact-form.cy.ts",
      "beforeHooks": [],
      "afterHooks": [],
      "tests": [],
      "suites": [
        {
          "uuid": "ffc0541d-fd63-449b-b1c3-07756f54b26b",
          "title": "User wants to send a message",
          "fullFile": "",
          "file": "",
          "beforeHooks": [],
          "afterHooks": [],
          "tests": [
            {
              "title": "should show helper texts and the empty form cannot be submitted, when clicking submit button",
              "fullTitle": "User wants to send a message should show helper texts and the empty form cannot be submitted, when clicking submit button",
              "timedOut": null,
              "duration": 13532,
              "state": "passed",
              "speed": "slow",
              "pass": true,
              "fail": false,
              "pending": false,
              "context": null,
              "code": "//The user clicks Get in Touch button on menu\nhomePage.clickGetInTouchButtonOnMenu();\nhomePage.ensureURLIsCorrect('/contact');\ncontactPage.closeAllPopUps();\ncontactPage.clickSubmitOnEmptyForm();",
              "err": {},
              "uuid": "556f0dde-5ec7-4020-a1e0-cafff310e349",
              "parentUUID": "ffc0541d-fd63-449b-b1c3-07756f54b26b",
              "isHook": false,
              "skipped": false
            },
            {
              "title": "should show helper texts and the empty form cannot be submitted, when clicking submit button",
              "fullTitle": "User wants to send a message should show helper texts and the empty form cannot be submitted, when clicking submit button",
              "timedOut": null,
              "duration": 6394,
              "state": "passed",
              "speed": "medium",
              "pass": true,
              "fail": false,
              "pending": false,
              "context": null,
              "code": "//The user clicks Get in Touch button under menu\nhomePage.clickGetInTouchButtonUnderMenu();\nhomePage.ensureURLIsCorrect('/contact');\ncontactPage.closeAllPopUps();\ncontactPage.clickSubmitOnEmptyForm();",
              "err": {},
              "uuid": "762648c1-e2c4-493a-a78a-206b5c58afbd",
              "parentUUID": "ffc0541d-fd63-449b-b1c3-07756f54b26b",
              "isHook": false,
              "skipped": false
            }
          ],
          "suites": [],
          "passes": [
            "556f0dde-5ec7-4020-a1e0-cafff310e349",
            "762648c1-e2c4-493a-a78a-206b5c58afbd"
          ],
          "failures": [],
          "pending": [],
          "skipped": [],
          "duration": 19926,
          "root": false,
          "rootEmpty": false,
          "_timeout": 2000
        }
      ],
      "passes": [],
      "failures": [],
      "pending": [],
      "skipped": [],
      "duration": 0,
      "root": true,
      "rootEmpty": true,
      "_timeout": 2000
    }
  ],
  "meta": {
    "mocha": {
      "version": "7.0.1"
    },
    "mochawesome": {
      "options": {
        "quiet": false,
        "reportFilename": "mochawesome",
        "saveHtml": true,
        "saveJson": true,
        "consoleReporter": "spec",
        "useInlineDiffs": false,
        "code": true
      },
      "version": "7.1.3"
    },
    "marge": {
      "options": {
        "reportDir": "cypress/reports/integration",
        "overwrite": false,
        "html": true,
        "json": true
      },
      "version": "6.2.0"
    }
  }
}