{
  "stats": {
    "suites": 1,
    "tests": 2,
    "passes": 2,
    "pending": 0,
    "failures": 0,
    "start": "2023-11-05T21:06:59.014Z",
    "end": "2023-11-05T21:07:05.741Z",
    "duration": 6727,
    "testsRegistered": 2,
    "passPercent": 100,
    "pendingPercent": 0,
    "other": 0,
    "hasOther": false,
    "skipped": 0,
    "hasSkipped": false
  },
  "results": [
    {
      "uuid": "3ff3b663-ac13-4574-8f8f-d52273c617f9",
      "title": "",
      "fullFile": "cypress/e2e/sap/tests/homepage-navigation.cy.ts",
      "file": "cypress/e2e/sap/tests/homepage-navigation.cy.ts",
      "beforeHooks": [],
      "afterHooks": [],
      "tests": [],
      "suites": [
        {
          "uuid": "d21ac866-9b1b-44b1-ac83-3df936beef64",
          "title": "User wants to navigate to different pages",
          "fullFile": "",
          "file": "",
          "beforeHooks": [],
          "afterHooks": [],
          "tests": [
            {
              "title": "should show proper bookmarks on navigation bar, when visiting  homepage",
              "fullTitle": "User wants to navigate to different pages should show proper bookmarks on navigation bar, when visiting  homepage",
              "timedOut": null,
              "duration": 2970,
              "state": "passed",
              "speed": "fast",
              "pass": true,
              "fail": false,
              "pending": false,
              "context": null,
              "code": "homePage.checkNavbarPresence();\nhomePage.checkBookMarksPresence([\n    'Banking',\n    'Insurance',\n    'Finance & ESG',\n    'Services',\n    'Partners',\n    'Company',\n    'Resources',\n]);",
              "err": {},
              "uuid": "6c13ea3d-0e2d-4832-80ae-d006acbb2892",
              "parentUUID": "d21ac866-9b1b-44b1-ac83-3df936beef64",
              "isHook": false,
              "skipped": false
            },
            {
              "title": "should navigate to Financial Control page, when clicking Finance & ESG -> Financial Control on the menu  ",
              "fullTitle": "User wants to navigate to different pages should navigate to Financial Control page, when clicking Finance & ESG -> Financial Control on the menu  ",
              "timedOut": null,
              "duration": 3507,
              "state": "passed",
              "speed": "fast",
              "pass": true,
              "fail": false,
              "pending": false,
              "context": null,
              "code": "homePage.checkBookMarksPresence(['Finance & ESG']);\nhomePage.hoverOnMenuAndPickOption('Finance & ESG', 'Financial Control');\nhomePage.ensureURLIsCorrect('finance-esg/financial-control/');\nhomePage.checkHeaderPresence('Financial Control');",
              "err": {},
              "uuid": "4e0d2017-26a3-40e7-bf5e-a73d6effddae",
              "parentUUID": "d21ac866-9b1b-44b1-ac83-3df936beef64",
              "isHook": false,
              "skipped": false
            }
          ],
          "suites": [],
          "passes": [
            "6c13ea3d-0e2d-4832-80ae-d006acbb2892",
            "4e0d2017-26a3-40e7-bf5e-a73d6effddae"
          ],
          "failures": [],
          "pending": [],
          "skipped": [],
          "duration": 6477,
          "root": false,
          "rootEmpty": false,
          "_timeout": 2000
        }
      ],
      "passes": [],
      "failures": [],
      "pending": [],
      "skipped": [],
      "duration": 0,
      "root": true,
      "rootEmpty": true,
      "_timeout": 2000
    }
  ],
  "meta": {
    "mocha": {
      "version": "7.0.1"
    },
    "mochawesome": {
      "options": {
        "quiet": false,
        "reportFilename": "mochawesome",
        "saveHtml": true,
        "saveJson": true,
        "consoleReporter": "spec",
        "useInlineDiffs": false,
        "code": true
      },
      "version": "7.1.3"
    },
    "marge": {
      "options": {
        "reportDir": "cypress/reports/integration",
        "overwrite": false,
        "html": true,
        "json": true
      },
      "version": "6.2.0"
    }
  }
}